<?xml version="1.0" encoding="UTF-8"?>
<!-- Generated by org.testng.reporters.JUnitXMLReporter -->
<testsuite ignored="0" hostname="DESKTOP-3E939NH" failures="0" tests="2" name="Surefire test" time="8.391" errors="0" timestamp="2024-03-17T02:35:28 IST">
  <testcase classname="io.cucumber.testng.AbstractTestNGCucumberTests" name="runScenario" time="5.157"/>
  <testcase classname="io.cucumber.testng.AbstractTestNGCucumberTests" name="runScenario" time="2.888"/>
</testsuite> <!-- Surefire test -->
